<?xml version="1.0" encoding="UTF-8"?>
<!-- Generated by org.testng.reporters.JUnitReportReporter -->
<testsuite hostname="Predator" failures="0" tests="2" name="com.tests.FlightBookingTest" time="11.916" errors="0" timestamp="2025-03-13T13:38:19 IST" skipped="0">
  <testcase classname="com.tests.FlightBookingTest" name="testFlightBooking" time="3.984"/>
  <system-out/>
  <testcase classname="com.tests.FlightBookingTest" name="testFlightBooking" time="7.932"/>
  <system-out/>
</testsuite> <!-- com.tests.FlightBookingTest -->
