<?xml version="1.0" encoding="UTF-8"?>
<!-- Generated by org.testng.reporters.JUnitReportReporter -->
<testsuite hostname="Predator" failures="0" tests="1" name="com.tests.FlightBookingTest" time="11.243" errors="0" timestamp="2025-03-13T13:20:37 IST" skipped="0">
  <testcase classname="com.tests.FlightBookingTest" name="testFlightBooking" time="11.243"/>
  <system-out/>
</testsuite> <!-- com.tests.FlightBookingTest -->
